<?xml version="1.0" encoding="UTF-8"?>
<!-- Generated by org.testng.reporters.JUnitXMLReporter -->
<testsuite ignored="0" hostname="BLR1-LHP-N89861" failures="3" tests="17" name="Myntra-All-Tests" time="673.531" errors="0" timestamp="2026-04-23T01:29:05 IST">
  <testcase classname="com.skillo.tests.HomePageTest" name="verifyFiltersOnTopwear" time="31.682"/>
  <testcase classname="com.skillo.tests.HomePageTest" name="verifyOpenProductFromHome" time="29.363"/>
  <testcase classname="com.skillo.tests.HomePageTest" name="verifyTopwearNavigation" time="32.625"/>
  <testcase classname="com.skillo.tests.ProductListingTest" name="verifyClickProduct" time="26.876"/>
  <testcase classname="com.skillo.tests.ProductListingTest" name="verifyListingPageReload" time="32.143"/>
  <testcase classname="com.skillo.tests.ProductListingTest" name="verifyMultipleProductClicks" time="31.403"/>
  <testcase classname="com.skillo.tests.ProductListingTest" name="verifyProductListingDisplayed" time="25.198"/>
  <testcase classname="com.skillo.tests.ProductListingTest" name="verifySwitchToChildWindow" time="28.487"/>
  <testcase classname="com.skillo.tests.ProductDetailsTest" name="verifyAddToBagButtonClickable" time="36.309"/>
  <testcase classname="com.skillo.tests.ProductDetailsTest" name="verifyAddToBagWithSize" time="32.219"/>
  <testcase classname="com.skillo.tests.ProductDetailsTest" name="verifyAddToBagWithoutSize" time="31.712"/>
  <testcase classname="com.skillo.tests.ProductDetailsTest" name="verifyGoToBag" time="36.729"/>
  <testcase classname="com.skillo.tests.ProductDetailsTest" name="verifyProductPageLoadsAfterClick" time="31.126"/>
  <testcase classname="com.skillo.tests.CartPageTest" name="verifyProductAddedToCart" time="15.352"/>
  <testcase classname="com.skillo.tests.CartPageTest" name="verifyProductDetailsInCart" time="15.903">
    <failure type="java.lang.AssertionError" message="The following asserts failed:
	Brand mismatch expected [4.2
|
99
AD
MuscleBlaze
Men T-shirt
Rs. 799Rs. 999(20% OFF)] but found [Brand]">
      <![CDATA[java.lang.AssertionError: The following asserts failed:
Brand mismatch expected [4.2
|
99
AD
MuscleBlaze
Men T-shirt
Rs. 799Rs. 999(20% OFF)] but found [Brand]
at com.skillo.tests.CartPageTest.verifyProductDetailsInCart(CartPageTest.java:75)
at java.base/java.util.ArrayList.forEach(ArrayList.java:1596)
... Removed 27 stack frames]]>
    </failure>
  </testcase> <!-- verifyProductDetailsInCart -->
  <testcase classname="com.skillo.tests.LoginPageTest" name="verifyLoginPageVisible" time="44.087">
    <failure type="java.lang.AssertionError" message="Login page not visible expected [true] but found [false]">
      <![CDATA[java.lang.AssertionError: Login page not visible expected [true] but found [false]
at com.skillo.tests.LoginPageTest.verifyLoginPageVisible(LoginPageTest.java:17)
at java.base/java.util.ArrayList.forEach(ArrayList.java:1596)
... Removed 28 stack frames]]>
    </failure>
  </testcase> <!-- verifyLoginPageVisible -->
  <testcase classname="com.skillo.tests.LoginPageTest" name="verifyLoginPopupVisible" time="40.113">
    <failure type="java.lang.AssertionError" message="Login popup not visible expected [true] but found [false]">
      <![CDATA[java.lang.AssertionError: Login popup not visible expected [true] but found [false]
at com.skillo.tests.LoginPageTest.verifyLoginPopupVisible(LoginPageTest.java:26)
at java.base/java.util.ArrayList.forEach(ArrayList.java:1596)
... Removed 28 stack frames]]>
    </failure>
  </testcase> <!-- verifyLoginPopupVisible -->
</testsuite> <!-- Myntra-All-Tests -->
