<?xml version="1.0" encoding="UTF-8"?>
<!-- Generated by org.testng.reporters.JUnitReportReporter -->
<testsuite hostname="BLR1-LHP-N89861" failures="0" tests="5" name="com.skillo.tests.ProductDetailsTest" time="212.083" errors="0" timestamp="2026-04-23T01:29:05 IST" skipped="0">
  <testcase classname="com.skillo.tests.ProductDetailsTest" name="verifyAddToBagWithSize" time="40.210"/>
  <testcase classname="com.skillo.tests.ProductDetailsTest" name="verifyAddToBagWithoutSize" time="37.641"/>
  <testcase classname="com.skillo.tests.ProductDetailsTest" name="verifyGoToBag" time="46.835"/>
  <testcase classname="com.skillo.tests.ProductDetailsTest" name="verifyProductPageLoadsAfterClick" time="41.000"/>
  <testcase classname="com.skillo.tests.ProductDetailsTest" name="verifyAddToBagButtonClickable" time="46.397"/>
</testsuite> <!-- com.skillo.tests.ProductDetailsTest -->
