<?xml version="1.0" encoding="UTF-8"?>
<!-- Generated by org.testng.reporters.JUnitReportReporter -->
<testsuite hostname="BLR1-LHP-N89861" failures="0" tests="7" name="com.skillo.tests.LoginPageTest" time="66.939" errors="0" timestamp="2026-04-24T08:47:55 IST" skipped="0">
  <testcase classname="com.skillo.tests.LoginPageTest" name="verifyLoginPageDisplayed" time="6.962"/>
  <testcase classname="com.skillo.tests.LoginPageTest" name="verifyMobileInputVisible" time="7.802"/>
  <testcase classname="com.skillo.tests.LoginPageTest" name="verifyContinueButtonVisible" time="5.258"/>
  <testcase classname="com.skillo.tests.LoginPageTest" name="verifyContinueWithoutMobileNumber" time="11.201"/>
  <testcase classname="com.skillo.tests.LoginPageTest" name="verifyEnterMobileNumber" time="10.278"/>
  <testcase classname="com.skillo.tests.LoginPageTest" name="verifyContinueAfterValidNumber" time="4.742"/>
  <testcase classname="com.skillo.tests.LoginPageTest" name="verifyPopupClosesOnOutsideClick" time="20.696"/>
</testsuite> <!-- com.skillo.tests.LoginPageTest -->
