<?xml version="1.0" encoding="UTF-8"?>
<!-- Generated by org.testng.reporters.JUnitReportReporter -->
<testsuite hostname="BLR1-LHP-N89861" failures="0" tests="7" name="com.skillo.tests.HomePageTest" time="269.926" errors="0" timestamp="2026-04-24T08:47:55 IST" skipped="0">
  <testcase classname="com.skillo.tests.HomePageTest" name="verifyNavigateToTopwear" time="27.727"/>
  <testcase classname="com.skillo.tests.HomePageTest" name="verifyApplyFilters" time="34.980"/>
  <testcase classname="com.skillo.tests.HomePageTest" name="verifyOpenProduct" time="30.391"/>
  <testcase classname="com.skillo.tests.HomePageTest" name="verifyMultipleNavigationToTopwear" time="52.342"/>
  <testcase classname="com.skillo.tests.HomePageTest" name="verifyProductsVisibleAfterNavigation" time="30.330"/>
  <testcase classname="com.skillo.tests.HomePageTest" name="verifyFilterDoesNotBreakNavigation" time="61.851"/>
  <testcase classname="com.skillo.tests.HomePageTest" name="verifyRepeatedProductClickHandling" time="32.305"/>
</testsuite> <!-- com.skillo.tests.HomePageTest -->
