<?xml version="1.0" encoding="UTF-8"?>
<!-- Generated by org.testng.reporters.JUnitReportReporter -->
<testsuite hostname="BLR1-LHP-N89861" failures="0" tests="3" name="com.skillo.tests.HomePageTest" time="122.459" errors="0" timestamp="2026-04-23T01:29:05 IST" skipped="0">
  <testcase classname="com.skillo.tests.HomePageTest" name="verifyFiltersOnTopwear" time="39.025"/>
  <testcase classname="com.skillo.tests.HomePageTest" name="verifyTopwearNavigation" time="41.258"/>
  <testcase classname="com.skillo.tests.HomePageTest" name="verifyOpenProductFromHome" time="42.176"/>
</testsuite> <!-- com.skillo.tests.HomePageTest -->
