<?xml version="1.0" encoding="UTF-8"?>
<!-- Generated by org.testng.reporters.JUnitReportReporter -->
<testsuite hostname="BLR1-LHP-N89861" failures="0" tests="36" name="com.skillo.runner.Runner" time="569.475" errors="0" timestamp="2026-04-19T18:19:27 IST" skipped="0">
  <testcase classname="com.skillo.runner.Runner" name="runScenario" time="7.981"/>
  <testcase classname="com.skillo.runner.Runner" name="runScenario" time="20.307"/>
  <testcase classname="com.skillo.runner.Runner" name="runScenario" time="18.757"/>
  <testcase classname="com.skillo.runner.Runner" name="runScenario" time="17.512"/>
  <testcase classname="com.skillo.runner.Runner" name="runScenario" time="7.192"/>
  <testcase classname="com.skillo.runner.Runner" name="runScenario" time="17.450"/>
  <testcase classname="com.skillo.runner.Runner" name="runScenario" time="15.373"/>
  <testcase classname="com.skillo.runner.Runner" name="runScenario" time="11.887"/>
  <testcase classname="com.skillo.runner.Runner" name="runScenario" time="19.228"/>
  <testcase classname="com.skillo.runner.Runner" name="runScenario" time="33.883"/>
  <testcase classname="com.skillo.runner.Runner" name="runScenario" time="14.098"/>
  <testcase classname="com.skillo.runner.Runner" name="runScenario" time="9.646"/>
  <testcase classname="com.skillo.runner.Runner" name="runScenario" time="11.391"/>
  <testcase classname="com.skillo.runner.Runner" name="runScenario" time="19.096"/>
  <testcase classname="com.skillo.runner.Runner" name="runScenario" time="35.972"/>
  <testcase classname="com.skillo.runner.Runner" name="runScenario" time="8.449"/>
  <testcase classname="com.skillo.runner.Runner" name="runScenario" time="34.052"/>
  <testcase classname="com.skillo.runner.Runner" name="runScenario" time="17.378"/>
  <testcase classname="com.skillo.runner.Runner" name="runScenario" time="15.868"/>
  <testcase classname="com.skillo.runner.Runner" name="runScenario" time="14.369"/>
  <testcase classname="com.skillo.runner.Runner" name="runScenario" time="16.411"/>
  <testcase classname="com.skillo.runner.Runner" name="runScenario" time="7.151"/>
  <testcase classname="com.skillo.runner.Runner" name="runScenario" time="8.249"/>
  <testcase classname="com.skillo.runner.Runner" name="runScenario" time="10.260"/>
  <testcase classname="com.skillo.runner.Runner" name="runScenario" time="13.245"/>
  <testcase classname="com.skillo.runner.Runner" name="runScenario" time="8.829"/>
  <testcase classname="com.skillo.runner.Runner" name="runScenario" time="9.057"/>
  <testcase classname="com.skillo.runner.Runner" name="runScenario" time="8.584"/>
  <testcase classname="com.skillo.runner.Runner" name="runScenario" time="50.899"/>
  <testcase classname="com.skillo.runner.Runner" name="runScenario" time="7.259"/>
  <testcase classname="com.skillo.runner.Runner" name="runScenario" time="13.344"/>
  <testcase classname="com.skillo.runner.Runner" name="runScenario" time="35.303"/>
  <testcase classname="com.skillo.runner.Runner" name="runScenario" time="9.193"/>
  <testcase classname="com.skillo.runner.Runner" name="runScenario" time="6.342"/>
  <testcase classname="com.skillo.runner.Runner" name="runScenario" time="7.508"/>
  <testcase classname="com.skillo.runner.Runner" name="runScenario" time="7.952"/>
</testsuite> <!-- com.skillo.runner.Runner -->
