<?xml version="1.0" encoding="UTF-8"?>
<!-- Generated by org.testng.reporters.JUnitReportReporter -->
<testsuite hostname="BLR1-LHP-N89861" failures="0" tests="7" name="com.skillo.tests.ProductDetailsTest" time="247.504" errors="0" timestamp="2026-04-24T08:47:55 IST" skipped="0">
  <testcase classname="com.skillo.tests.ProductDetailsTest" name="verifyAddToBagWithoutSize" time="29.541"/>
  <testcase classname="com.skillo.tests.ProductDetailsTest" name="verifySelectSize" time="32.193"/>
  <testcase classname="com.skillo.tests.ProductDetailsTest" name="verifyGoToBag" time="52.201"/>
  <testcase classname="com.skillo.tests.ProductDetailsTest" name="verifyMultipleAddToBagWithoutSize" time="31.889"/>
  <testcase classname="com.skillo.tests.ProductDetailsTest" name="verifyProductPageLoaded" time="34.685"/>
  <testcase classname="com.skillo.tests.ProductDetailsTest" name="verifyAddToBagButtonVisible" time="34.183"/>
  <testcase classname="com.skillo.tests.ProductDetailsTest" name="verifySizeOptionsAvailable" time="32.812"/>
</testsuite> <!-- com.skillo.tests.ProductDetailsTest -->
