<?xml version="1.0" encoding="UTF-8"?>
<!-- Generated by org.testng.reporters.JUnitReportReporter -->
<testsuite hostname="BLR1-LHP-N89861" failures="0" tests="5" name="com.skillo.tests.ProductListingTest" time="150.426" errors="0" timestamp="2026-04-24T08:47:55 IST" skipped="0">
  <testcase classname="com.skillo.tests.ProductListingTest" name="verifyProductListingDisplayed" time="29.110"/>
  <testcase classname="com.skillo.tests.ProductListingTest" name="verifyClickProduct" time="27.485"/>
  <testcase classname="com.skillo.tests.ProductListingTest" name="verifySwitchToChildWindow" time="31.612"/>
  <testcase classname="com.skillo.tests.ProductListingTest" name="verifyMultipleProductClicks" time="30.365"/>
  <testcase classname="com.skillo.tests.ProductListingTest" name="verifyListingPageReload" time="31.854"/>
</testsuite> <!-- com.skillo.tests.ProductListingTest -->
