<?xml version="1.0" encoding="UTF-8"?>
<!-- Generated by org.testng.reporters.JUnitReportReporter -->
<testsuite hostname="BLR1-LHP-N89861" failures="0" tests="3" name="com.skillo.tests.CartPageTest" time="77.422" errors="0" timestamp="2026-04-24T08:47:55 IST" skipped="0">
  <testcase classname="com.skillo.tests.CartPageTest" name="verifyCartPageLoaded" time="24.853"/>
  <testcase classname="com.skillo.tests.CartPageTest" name="verifyOnlyNavigation" time="27.067"/>
  <testcase classname="com.skillo.tests.CartPageTest" name="verifyOnlyRefresh" time="25.502"/>
</testsuite> <!-- com.skillo.tests.CartPageTest -->
